# Synopsys Constraint Checker, version maplat, Build 1612R, built Dec  5 2016
# Copyright (C) 1994-2016 Synopsys, Inc. All rights reserved. This Synopsys software and all associated documentation are proprietary to Synopsys, Inc. and may only be used pursuant to the terms and conditions of a written license agreement with Synopsys, Inc. All other use, reproduction, modification, or distribution of the Synopsys software or the associated documentation is strictly prohibited.

# Written on Wed Aug 02 08:09:27 2023


##### DESIGN INFO #######################################################

Top View:                "top"
Constraint File(s):      (none)




##### SUMMARY ############################################################

Found 0 issues in 0 out of 0 constraints


##### DETAILS ############################################################



Clock Relationships
*******************

Starting            Ending              |     rise to rise     |     fall to fall     |     rise to fall     |     fall to rise                     
---------------------------------------------------------------------------------------------------------------------------------------------------
top|laser_pulse     top|laser_pulse     |     3.598            |     No paths         |     No paths         |     No paths                         
top|laser_pulse     top|sr_clk          |     Diff grp         |     No paths         |     No paths         |     No paths                         
top|sr_clk          top|laser_pulse     |     Diff grp         |     No paths         |     No paths         |     No paths                         
top|sr_clk          top|sr_clk          |     1.325            |     No paths         |     No paths         |     No paths                         
===================================================================================================================================================
 Note: 'No paths' indicates there are no paths in the design for that pair of clock edges.
       'Diff grp' indicates that paths exist but the starting clock and ending clock are in different clock groups.


Unconstrained Start/End Points
******************************

p:constant_v
p:divide_enable
p:divided_pulse
p:en_internals
p:en_rowpack
p:row_completed
p:sr_data
p:sr_reset
p:sr_sel_div
p:sr_sel_row


Inapplicable constraints
************************

(none)


Applicable constraints with issues
**********************************

(none)


Constraints with matching wildcard expressions
**********************************************

(none)


Library Report
**************


# End of Constraint Checker Report
