--------------------------------------------------------------------------------
Lattice Synthesis Timing Report, Version  
Wed Aug 02 08:18:17 2023

Copyright (c) 1991-1994 by NeoCAD Inc. All rights reserved.
Copyright (c) 1995 AT&T Corp.   All rights reserved.
Copyright (c) 1995-2001 Lucent Technologies Inc.  All rights reserved.
Copyright (c) 2001 Agere Systems   All rights reserved.
Copyright (c) 2002-2016 Lattice Semiconductor Corporation,  All rights reserved.

Report Information
------------------
Design:     top
Constraint file:  
Report level:    verbose report, limited to 3 items per constraint
--------------------------------------------------------------------------------



================================================================================
Constraint: create_clock -period 1000.000000 -name clk2 [get_nets laser_pulse_c]
            207 items scored, 0 timing errors detected.
--------------------------------------------------------------------------------


Passed:  The following path meets requirements by 973.381ns

 Logical Details:  Cell type  Pin type       Cell name  (clock net +/-)

   Source:         SB_DFFESR  C              \pulse_counter/internal_count__i0  (from laser_pulse_c +)
   Destination:    SB_DFFESR  D              \pulse_counter/internal_count__i15  (to laser_pulse_c +)

   Delay:                  26.486ns  (26.0% logic, 74.0% route), 17 logic levels.

 Constraint Details:

     26.486ns data_path \pulse_counter/internal_count__i0 to \pulse_counter/internal_count__i15 meets
    1000.000ns delay constraint less
      0.133ns L_S requirement (totaling 999.867ns) by 973.381ns

 Path Details: \pulse_counter/internal_count__i0 to \pulse_counter/internal_count__i15

   Name    Fanout   Delay (ns)          Pins               Resource(Cell.Net)
L_CO        ---     0.367              C to Q              \pulse_counter/internal_count__i0 (from laser_pulse_c)
Route         3   e 1.339                                  \pulse_counter/internal_count[0]
LUT4        ---     0.408             I0 to CO             \pulse_counter/add_22_2
Route         2   e 1.158                                  \pulse_counter/n728
LUT4        ---     0.408             CI to CO             \pulse_counter/add_22_3
Route         2   e 1.158                                  \pulse_counter/n729
LUT4        ---     0.408             CI to CO             \pulse_counter/add_22_4
Route         2   e 1.158                                  \pulse_counter/n730
LUT4        ---     0.408             CI to CO             \pulse_counter/add_22_5
Route         2   e 1.158                                  \pulse_counter/n731
LUT4        ---     0.408             CI to CO             \pulse_counter/add_22_6
Route         2   e 1.158                                  \pulse_counter/n732
LUT4        ---     0.408             CI to CO             \pulse_counter/add_22_7
Route         2   e 1.158                                  \pulse_counter/n733
LUT4        ---     0.408             CI to CO             \pulse_counter/add_22_8
Route         2   e 1.158                                  \pulse_counter/n734
LUT4        ---     0.408             CI to CO             \pulse_counter/add_22_9
Route         2   e 1.158                                  \pulse_counter/n735
LUT4        ---     0.408             CI to CO             \pulse_counter/add_22_10
Route         2   e 1.158                                  \pulse_counter/n736
LUT4        ---     0.408             CI to CO             \pulse_counter/add_22_11
Route         2   e 1.158                                  \pulse_counter/n737
LUT4        ---     0.408             CI to CO             \pulse_counter/add_22_12
Route         2   e 1.158                                  \pulse_counter/n738
LUT4        ---     0.408             CI to CO             \pulse_counter/add_22_13
Route         2   e 1.158                                  \pulse_counter/n739
LUT4        ---     0.408             CI to CO             \pulse_counter/add_22_14
Route         2   e 1.158                                  \pulse_counter/n740
LUT4        ---     0.408             CI to CO             \pulse_counter/add_22_15
Route         2   e 1.158                                  \pulse_counter/n741
LUT4        ---     0.408             CI to CO             \pulse_counter/add_22_16
Route         1   e 1.020                                  \pulse_counter/n742
LUT4        ---     0.408             I3 to O              \pulse_counter/add_22_17_lut
Route         1   e 1.020                                  \pulse_counter/n134
                  --------
                   26.486  (26.0% logic, 74.0% route), 17 logic levels.


Passed:  The following path meets requirements by 974.809ns

 Logical Details:  Cell type  Pin type       Cell name  (clock net +/-)

   Source:         SB_DFFESR  C              \pulse_counter/internal_count__i0  (from laser_pulse_c +)
   Destination:    SB_DFFESR  D              \pulse_counter/internal_count__i14  (to laser_pulse_c +)

   Delay:                  25.058ns  (25.9% logic, 74.1% route), 16 logic levels.

 Constraint Details:

     25.058ns data_path \pulse_counter/internal_count__i0 to \pulse_counter/internal_count__i14 meets
    1000.000ns delay constraint less
      0.133ns L_S requirement (totaling 999.867ns) by 974.809ns

 Path Details: \pulse_counter/internal_count__i0 to \pulse_counter/internal_count__i14

   Name    Fanout   Delay (ns)          Pins               Resource(Cell.Net)
L_CO        ---     0.367              C to Q              \pulse_counter/internal_count__i0 (from laser_pulse_c)
Route         3   e 1.339                                  \pulse_counter/internal_count[0]
LUT4        ---     0.408             I0 to CO             \pulse_counter/add_22_2
Route         2   e 1.158                                  \pulse_counter/n728
LUT4        ---     0.408             CI to CO             \pulse_counter/add_22_3
Route         2   e 1.158                                  \pulse_counter/n729
LUT4        ---     0.408             CI to CO             \pulse_counter/add_22_4
Route         2   e 1.158                                  \pulse_counter/n730
LUT4        ---     0.408             CI to CO             \pulse_counter/add_22_5
Route         2   e 1.158                                  \pulse_counter/n731
LUT4        ---     0.408             CI to CO             \pulse_counter/add_22_6
Route         2   e 1.158                                  \pulse_counter/n732
LUT4        ---     0.408             CI to CO             \pulse_counter/add_22_7
Route         2   e 1.158                                  \pulse_counter/n733
LUT4        ---     0.408             CI to CO             \pulse_counter/add_22_8
Route         2   e 1.158                                  \pulse_counter/n734
LUT4        ---     0.408             CI to CO             \pulse_counter/add_22_9
Route         2   e 1.158                                  \pulse_counter/n735
LUT4        ---     0.408             CI to CO             \pulse_counter/add_22_10
Route         2   e 1.158                                  \pulse_counter/n736
LUT4        ---     0.408             CI to CO             \pulse_counter/add_22_11
Route         2   e 1.158                                  \pulse_counter/n737
LUT4        ---     0.408             CI to CO             \pulse_counter/add_22_12
Route         2   e 1.158                                  \pulse_counter/n738
LUT4        ---     0.408             CI to CO             \pulse_counter/add_22_13
Route         2   e 1.158                                  \pulse_counter/n739
LUT4        ---     0.408             CI to CO             \pulse_counter/add_22_14
Route         2   e 1.158                                  \pulse_counter/n740
LUT4        ---     0.408             CI to CO             \pulse_counter/add_22_15
Route         2   e 1.158                                  \pulse_counter/n741
LUT4        ---     0.408             I3 to O              \pulse_counter/add_22_16_lut
Route         1   e 1.020                                  \pulse_counter/n135
                  --------
                   25.058  (25.9% logic, 74.1% route), 16 logic levels.


Passed:  The following path meets requirements by 974.947ns

 Logical Details:  Cell type  Pin type       Cell name  (clock net +/-)

   Source:         SB_DFFESR  C              \pulse_counter/internal_count__i1  (from laser_pulse_c +)
   Destination:    SB_DFFESR  D              \pulse_counter/internal_count__i15  (to laser_pulse_c +)

   Delay:                  24.920ns  (26.0% logic, 74.0% route), 16 logic levels.

 Constraint Details:

     24.920ns data_path \pulse_counter/internal_count__i1 to \pulse_counter/internal_count__i15 meets
    1000.000ns delay constraint less
      0.133ns L_S requirement (totaling 999.867ns) by 974.947ns

 Path Details: \pulse_counter/internal_count__i1 to \pulse_counter/internal_count__i15

   Name    Fanout   Delay (ns)          Pins               Resource(Cell.Net)
L_CO        ---     0.367              C to Q              \pulse_counter/internal_count__i1 (from laser_pulse_c)
Route         3   e 1.339                                  \pulse_counter/internal_count[1]
LUT4        ---     0.408             I0 to CO             \pulse_counter/add_22_3
Route         2   e 1.158                                  \pulse_counter/n729
LUT4        ---     0.408             CI to CO             \pulse_counter/add_22_4
Route         2   e 1.158                                  \pulse_counter/n730
LUT4        ---     0.408             CI to CO             \pulse_counter/add_22_5
Route         2   e 1.158                                  \pulse_counter/n731
LUT4        ---     0.408             CI to CO             \pulse_counter/add_22_6
Route         2   e 1.158                                  \pulse_counter/n732
LUT4        ---     0.408             CI to CO             \pulse_counter/add_22_7
Route         2   e 1.158                                  \pulse_counter/n733
LUT4        ---     0.408             CI to CO             \pulse_counter/add_22_8
Route         2   e 1.158                                  \pulse_counter/n734
LUT4        ---     0.408             CI to CO             \pulse_counter/add_22_9
Route         2   e 1.158                                  \pulse_counter/n735
LUT4        ---     0.408             CI to CO             \pulse_counter/add_22_10
Route         2   e 1.158                                  \pulse_counter/n736
LUT4        ---     0.408             CI to CO             \pulse_counter/add_22_11
Route         2   e 1.158                                  \pulse_counter/n737
LUT4        ---     0.408             CI to CO             \pulse_counter/add_22_12
Route         2   e 1.158                                  \pulse_counter/n738
LUT4        ---     0.408             CI to CO             \pulse_counter/add_22_13
Route         2   e 1.158                                  \pulse_counter/n739
LUT4        ---     0.408             CI to CO             \pulse_counter/add_22_14
Route         2   e 1.158                                  \pulse_counter/n740
LUT4        ---     0.408             CI to CO             \pulse_counter/add_22_15
Route         2   e 1.158                                  \pulse_counter/n741
LUT4        ---     0.408             CI to CO             \pulse_counter/add_22_16
Route         1   e 1.020                                  \pulse_counter/n742
LUT4        ---     0.408             I3 to O              \pulse_counter/add_22_17_lut
Route         1   e 1.020                                  \pulse_counter/n134
                  --------
                   24.920  (26.0% logic, 74.0% route), 16 logic levels.

Report: 26.619 ns is the maximum delay for this constraint.



================================================================================
Constraint: create_clock -period 1000.000000 -name clk1 [get_nets divided_pulse_c]
            169 items scored, 0 timing errors detected.
--------------------------------------------------------------------------------


Passed:  The following path meets requirements by 973.381ns

 Logical Details:  Cell type  Pin type       Cell name  (clock net +/-)

   Source:         SB_DFFESR  C              \row_counter/internal_count__i0  (from divided_pulse_c +)
   Destination:    SB_DFFESR  D              \row_counter/internal_count__i15  (to divided_pulse_c +)

   Delay:                  26.486ns  (26.0% logic, 74.0% route), 17 logic levels.

 Constraint Details:

     26.486ns data_path \row_counter/internal_count__i0 to \row_counter/internal_count__i15 meets
    1000.000ns delay constraint less
      0.133ns L_S requirement (totaling 999.867ns) by 973.381ns

 Path Details: \row_counter/internal_count__i0 to \row_counter/internal_count__i15

   Name    Fanout   Delay (ns)          Pins               Resource(Cell.Net)
L_CO        ---     0.367              C to Q              \row_counter/internal_count__i0 (from divided_pulse_c)
Route         3   e 1.339                                  \row_counter/internal_count[0]
LUT4        ---     0.408             I0 to CO             \row_counter/add_22_2
Route         2   e 1.158                                  \row_counter/n743
LUT4        ---     0.408             CI to CO             \row_counter/add_22_3
Route         2   e 1.158                                  \row_counter/n744
LUT4        ---     0.408             CI to CO             \row_counter/add_22_4
Route         2   e 1.158                                  \row_counter/n745
LUT4        ---     0.408             CI to CO             \row_counter/add_22_5
Route         2   e 1.158                                  \row_counter/n746
LUT4        ---     0.408             CI to CO             \row_counter/add_22_6
Route         2   e 1.158                                  \row_counter/n747
LUT4        ---     0.408             CI to CO             \row_counter/add_22_7
Route         2   e 1.158                                  \row_counter/n748
LUT4        ---     0.408             CI to CO             \row_counter/add_22_8
Route         2   e 1.158                                  \row_counter/n749
LUT4        ---     0.408             CI to CO             \row_counter/add_22_9
Route         2   e 1.158                                  \row_counter/n750
LUT4        ---     0.408             CI to CO             \row_counter/add_22_10
Route         2   e 1.158                                  \row_counter/n751
LUT4        ---     0.408             CI to CO             \row_counter/add_22_11
Route         2   e 1.158                                  \row_counter/n752
LUT4        ---     0.408             CI to CO             \row_counter/add_22_12
Route         2   e 1.158                                  \row_counter/n753
LUT4        ---     0.408             CI to CO             \row_counter/add_22_13
Route         2   e 1.158                                  \row_counter/n754
LUT4        ---     0.408             CI to CO             \row_counter/add_22_14
Route         2   e 1.158                                  \row_counter/n755
LUT4        ---     0.408             CI to CO             \row_counter/add_22_15
Route         2   e 1.158                                  \row_counter/n756
LUT4        ---     0.408             CI to CO             \row_counter/add_22_16
Route         1   e 1.020                                  \row_counter/n757
LUT4        ---     0.408             I3 to O              \row_counter/add_22_17_lut
Route         1   e 1.020                                  \row_counter/n134
                  --------
                   26.486  (26.0% logic, 74.0% route), 17 logic levels.


Passed:  The following path meets requirements by 974.809ns

 Logical Details:  Cell type  Pin type       Cell name  (clock net +/-)

   Source:         SB_DFFESR  C              \row_counter/internal_count__i0  (from divided_pulse_c +)
   Destination:    SB_DFFESR  D              \row_counter/internal_count__i14  (to divided_pulse_c +)

   Delay:                  25.058ns  (25.9% logic, 74.1% route), 16 logic levels.

 Constraint Details:

     25.058ns data_path \row_counter/internal_count__i0 to \row_counter/internal_count__i14 meets
    1000.000ns delay constraint less
      0.133ns L_S requirement (totaling 999.867ns) by 974.809ns

 Path Details: \row_counter/internal_count__i0 to \row_counter/internal_count__i14

   Name    Fanout   Delay (ns)          Pins               Resource(Cell.Net)
L_CO        ---     0.367              C to Q              \row_counter/internal_count__i0 (from divided_pulse_c)
Route         3   e 1.339                                  \row_counter/internal_count[0]
LUT4        ---     0.408             I0 to CO             \row_counter/add_22_2
Route         2   e 1.158                                  \row_counter/n743
LUT4        ---     0.408             CI to CO             \row_counter/add_22_3
Route         2   e 1.158                                  \row_counter/n744
LUT4        ---     0.408             CI to CO             \row_counter/add_22_4
Route         2   e 1.158                                  \row_counter/n745
LUT4        ---     0.408             CI to CO             \row_counter/add_22_5
Route         2   e 1.158                                  \row_counter/n746
LUT4        ---     0.408             CI to CO             \row_counter/add_22_6
Route         2   e 1.158                                  \row_counter/n747
LUT4        ---     0.408             CI to CO             \row_counter/add_22_7
Route         2   e 1.158                                  \row_counter/n748
LUT4        ---     0.408             CI to CO             \row_counter/add_22_8
Route         2   e 1.158                                  \row_counter/n749
LUT4        ---     0.408             CI to CO             \row_counter/add_22_9
Route         2   e 1.158                                  \row_counter/n750
LUT4        ---     0.408             CI to CO             \row_counter/add_22_10
Route         2   e 1.158                                  \row_counter/n751
LUT4        ---     0.408             CI to CO             \row_counter/add_22_11
Route         2   e 1.158                                  \row_counter/n752
LUT4        ---     0.408             CI to CO             \row_counter/add_22_12
Route         2   e 1.158                                  \row_counter/n753
LUT4        ---     0.408             CI to CO             \row_counter/add_22_13
Route         2   e 1.158                                  \row_counter/n754
LUT4        ---     0.408             CI to CO             \row_counter/add_22_14
Route         2   e 1.158                                  \row_counter/n755
LUT4        ---     0.408             CI to CO             \row_counter/add_22_15
Route         2   e 1.158                                  \row_counter/n756
LUT4        ---     0.408             I3 to O              \row_counter/add_22_16_lut
Route         1   e 1.020                                  \row_counter/n135
                  --------
                   25.058  (25.9% logic, 74.1% route), 16 logic levels.


Passed:  The following path meets requirements by 974.947ns

 Logical Details:  Cell type  Pin type       Cell name  (clock net +/-)

   Source:         SB_DFFESR  C              \row_counter/internal_count__i1  (from divided_pulse_c +)
   Destination:    SB_DFFESR  D              \row_counter/internal_count__i15  (to divided_pulse_c +)

   Delay:                  24.920ns  (26.0% logic, 74.0% route), 16 logic levels.

 Constraint Details:

     24.920ns data_path \row_counter/internal_count__i1 to \row_counter/internal_count__i15 meets
    1000.000ns delay constraint less
      0.133ns L_S requirement (totaling 999.867ns) by 974.947ns

 Path Details: \row_counter/internal_count__i1 to \row_counter/internal_count__i15

   Name    Fanout   Delay (ns)          Pins               Resource(Cell.Net)
L_CO        ---     0.367              C to Q              \row_counter/internal_count__i1 (from divided_pulse_c)
Route         3   e 1.339                                  \row_counter/internal_count[1]
LUT4        ---     0.408             I0 to CO             \row_counter/add_22_3
Route         2   e 1.158                                  \row_counter/n744
LUT4        ---     0.408             CI to CO             \row_counter/add_22_4
Route         2   e 1.158                                  \row_counter/n745
LUT4        ---     0.408             CI to CO             \row_counter/add_22_5
Route         2   e 1.158                                  \row_counter/n746
LUT4        ---     0.408             CI to CO             \row_counter/add_22_6
Route         2   e 1.158                                  \row_counter/n747
LUT4        ---     0.408             CI to CO             \row_counter/add_22_7
Route         2   e 1.158                                  \row_counter/n748
LUT4        ---     0.408             CI to CO             \row_counter/add_22_8
Route         2   e 1.158                                  \row_counter/n749
LUT4        ---     0.408             CI to CO             \row_counter/add_22_9
Route         2   e 1.158                                  \row_counter/n750
LUT4        ---     0.408             CI to CO             \row_counter/add_22_10
Route         2   e 1.158                                  \row_counter/n751
LUT4        ---     0.408             CI to CO             \row_counter/add_22_11
Route         2   e 1.158                                  \row_counter/n752
LUT4        ---     0.408             CI to CO             \row_counter/add_22_12
Route         2   e 1.158                                  \row_counter/n753
LUT4        ---     0.408             CI to CO             \row_counter/add_22_13
Route         2   e 1.158                                  \row_counter/n754
LUT4        ---     0.408             CI to CO             \row_counter/add_22_14
Route         2   e 1.158                                  \row_counter/n755
LUT4        ---     0.408             CI to CO             \row_counter/add_22_15
Route         2   e 1.158                                  \row_counter/n756
LUT4        ---     0.408             CI to CO             \row_counter/add_22_16
Route         1   e 1.020                                  \row_counter/n757
LUT4        ---     0.408             I3 to O              \row_counter/add_22_17_lut
Route         1   e 1.020                                  \row_counter/n134
                  --------
                   24.920  (26.0% logic, 74.0% route), 16 logic levels.

Report: 26.619 ns is the maximum delay for this constraint.



================================================================================
Constraint: create_clock -period 1000.000000 -name clk0 [get_nets sr_clk_c]
            62 items scored, 0 timing errors detected.
--------------------------------------------------------------------------------


Passed:  The following path meets requirements by 996.733ns

 Logical Details:  Cell type  Pin type       Cell name  (clock net +/-)

   Source:         SB_DFFE    C              \divider_sr/shifted_data_i13  (from sr_clk_c +)
   Destination:    SB_DFFE    D              \divider_sr/shifted_data_i13  (to sr_clk_c +)

   Delay:                   3.134ns  (24.7% logic, 75.3% route), 2 logic levels.

 Constraint Details:

      3.134ns data_path \divider_sr/shifted_data_i13 to \divider_sr/shifted_data_i13 meets
    1000.000ns delay constraint less
      0.133ns L_S requirement (totaling 999.867ns) by 996.733ns

 Path Details: \divider_sr/shifted_data_i13 to \divider_sr/shifted_data_i13

   Name    Fanout   Delay (ns)          Pins               Resource(Cell.Net)
L_CO        ---     0.367              C to Q              \divider_sr/shifted_data_i13 (from sr_clk_c)
Route         3   e 1.339                                  shifted_data[13]
LUT4        ---     0.408             I1 to O              i431_4_lut
Route         1   e 1.020                                  n434
                  --------
                    3.134  (24.7% logic, 75.3% route), 2 logic levels.


Passed:  The following path meets requirements by 996.733ns

 Logical Details:  Cell type  Pin type       Cell name  (clock net +/-)

   Source:         SB_DFFE    C              \divider_sr/shifted_data_i13  (from sr_clk_c +)
   Destination:    SB_DFFE    D              \divider_sr/shifted_data_i14  (to sr_clk_c +)

   Delay:                   3.134ns  (24.7% logic, 75.3% route), 2 logic levels.

 Constraint Details:

      3.134ns data_path \divider_sr/shifted_data_i13 to \divider_sr/shifted_data_i14 meets
    1000.000ns delay constraint less
      0.133ns L_S requirement (totaling 999.867ns) by 996.733ns

 Path Details: \divider_sr/shifted_data_i13 to \divider_sr/shifted_data_i14

   Name    Fanout   Delay (ns)          Pins               Resource(Cell.Net)
L_CO        ---     0.367              C to Q              \divider_sr/shifted_data_i13 (from sr_clk_c)
Route         3   e 1.339                                  shifted_data[13]
LUT4        ---     0.408             I2 to O              i428_4_lut
Route         1   e 1.020                                  n431
                  --------
                    3.134  (24.7% logic, 75.3% route), 2 logic levels.


Passed:  The following path meets requirements by 996.733ns

 Logical Details:  Cell type  Pin type       Cell name  (clock net +/-)

   Source:         SB_DFFE    C              \row_sr/shifted_data_i1  (from sr_clk_c +)
   Destination:    SB_DFFE    D              \row_sr/shifted_data_i1  (to sr_clk_c +)

   Delay:                   3.134ns  (24.7% logic, 75.3% route), 2 logic levels.

 Constraint Details:

      3.134ns data_path \row_sr/shifted_data_i1 to \row_sr/shifted_data_i1 meets
    1000.000ns delay constraint less
      0.133ns L_S requirement (totaling 999.867ns) by 996.733ns

 Path Details: \row_sr/shifted_data_i1 to \row_sr/shifted_data_i1

   Name    Fanout   Delay (ns)          Pins               Resource(Cell.Net)
L_CO        ---     0.367              C to Q              \row_sr/shifted_data_i1 (from sr_clk_c)
Route         3   e 1.339                                  shifted_data[1]_adj_114
LUT4        ---     0.408             I1 to O              i422_4_lut
Route         1   e 1.020                                  n425
                  --------
                    3.134  (24.7% logic, 75.3% route), 2 logic levels.

Report: 3.267 ns is the maximum delay for this constraint.


Timing Report Summary
--------------
--------------------------------------------------------------------------------
Constraint                              |   Constraint|       Actual|Levels
--------------------------------------------------------------------------------
                                        |             |             |
create_clock -period 1000.000000 -name  |             |             |
clk2 [get_nets laser_pulse_c]           |  1000.000 ns|    26.619 ns|    17  
                                        |             |             |
create_clock -period 1000.000000 -name  |             |             |
clk1 [get_nets divided_pulse_c]         |  1000.000 ns|    26.619 ns|    17  
                                        |             |             |
create_clock -period 1000.000000 -name  |             |             |
clk0 [get_nets sr_clk_c]                |  1000.000 ns|     3.267 ns|     2  
                                        |             |             |
--------------------------------------------------------------------------------


All constraints were met.



Timing summary:
---------------

Timing errors: 0  Score: 0

Constraints cover  438 paths, 217 nets, and 455 connections (60.8% coverage)


Peak memory: 36724736 bytes, TRCE: 831488 bytes, DLYMAN: 0 bytes
CPU_TIME_REPORT: 0 secs 
