---------------------------------------
Resource Usage Report for top 

Mapping to part: ice40hx4kcb132
Cell usage:
GND             2 uses
SB_CARRY        31 uses
SB_DFF          3 uses
SB_DFFESR       16 uses
SB_DFFSR        17 uses
SB_GB           1 use
VCC             2 uses
SB_LUT4         76 uses

I/O ports: 12
I/O primitives: 10
SB_GB_IO       2 uses
SB_IO          8 uses

I/O Register bits:                  0
Register bits not including I/Os:   36 (1%)

@S |Mapping Summary:
Total  LUTs: 76 (2%)

Distribution of All Consumed LUTs = LUT4 
Distribution of All Consumed Luts 76 = 76 

