* ******************************************************************************

* iCEcube Placer

* Version:            2020.12.27943

* Build Date:         Dec  9 2020 17:55:50

* File Generated:     Aug 2 2023 08:18:38

* Purpose:            

* Copyright (C) 2006-2010 by Lattice Semiconductor Corp. All rights reserved.

* ******************************************************************************

Executing : C:\lscc\iCEcube2.2020.12\sbt_backend\bin\win32\opt\sbtplacer.exe --des-lib D:/Icecube/DividerFPGA/DividerFPGA/DividerFPGA_Implmnt\sbt\netlist\oadb-top --outdir D:/Icecube/DividerFPGA/DividerFPGA/DividerFPGA_Implmnt\sbt\outputs\placer --device-file C:\lscc\iCEcube2.2020.12\sbt_backend\devices\ICE40P04.dev --package BG121 --deviceMarketName iCE40HX4K --sdc-file D:/Icecube/DividerFPGA/DividerFPGA/DividerFPGA_Implmnt\sbt\Temp/sbt_temp.sdc --lib-file C:\lscc\iCEcube2.2020.12\sbt_backend\devices\ice40HX8K.lib --effort_level high --out-sdc-file D:/Icecube/DividerFPGA/DividerFPGA/DividerFPGA_Implmnt\sbt\outputs\placer\top_pl.sdc
I2004: Option and Settings Summary
=============================================================
Device file          - C:\lscc\iCEcube2.2020.12\sbt_backend\devices\ICE40P04.dev
Package              - BG121
Design database      - D:/Icecube/DividerFPGA/DividerFPGA/DividerFPGA_Implmnt\sbt\netlist\oadb-top
SDC file             - D:/Icecube/DividerFPGA/DividerFPGA/DividerFPGA_Implmnt\sbt\Temp/sbt_temp.sdc
Output directory     - D:/Icecube/DividerFPGA/DividerFPGA/DividerFPGA_Implmnt\sbt\outputs\placer
Timing library       - C:\lscc\iCEcube2.2020.12\sbt_backend\devices\ice40HX8K.lib
Effort level         - high

I2050: Starting reading inputs for placer
=============================================================
I2100: Reading design library: D:/Icecube/DividerFPGA/DividerFPGA/DividerFPGA_Implmnt\sbt\netlist\oadb-top/BFPGA_DESIGN_ep
I2065: Reading device file : C:\lscc\iCEcube2.2020.12\sbt_backend\devices\ICE40P04.dev
I2051: Reading of inputs for placer completed successfully

I2053: Starting placement of the design
=============================================================

Input Design Statistics
    Number of LUTs      	:	153
    Number of DFFs      	:	68
    Number of DFFs packed to IO	:	0
    Number of Carrys    	:	62
    Number of RAMs      	:	0
    Number of ROMs      	:	0
    Number of IOs       	:	10
    Number of GBIOs     	:	2
    Number of GBs       	:	0
    Number of WarmBoot  	:	0
    Number of PLLs      	:	0


Phase 1
I2077: Start design legalization

Design Legalization Statistics
    Number of feedthru LUTs inserted to legalize input of DFFs     	:	0
    Number of feedthru LUTs inserted for LUTs driving multiple DFFs	:	0
    Number of LUTs replicated for LUTs driving multiple DFFs       	:	0
    Number of feedthru LUTs inserted to legalize output of CARRYs  	:	0
    Number of feedthru LUTs inserted to legalize global signals    	:	0
    Number of feedthru CARRYs inserted to legalize input of CARRYs 	:	0
    Number of inserted LUTs to Legalize IOs with PIN_TYPE= 01xxxx  	:	0
    Number of inserted LUTs to Legalize IOs with PIN_TYPE= 10xxxx  	:	0
    Number of inserted LUTs to Legalize IOs with PIN_TYPE= 11xxxx  	:	0
    Total LUTs inserted                                            	:	0
    Total CARRYs inserted                                          	:	0


I2078: Design legalization is completed successfully
I2088: Phase 1, elapsed time : 0.0 (sec)


Phase 2
I2088: Phase 2, elapsed time : 0.1 (sec)

Phase 3

Design Statistics after Packing
    Number of LUTs      	:	154
    Number of DFFs      	:	68
    Number of DFFs packed to IO	:	0
    Number of Carrys    	:	62

Device Utilization Summary after Packing
    Sequential LogicCells
        LUT and DFF      	:	38
        LUT, DFF and CARRY	:	30
    Combinational LogicCells
        Only LUT         	:	54
        CARRY Only       	:	0
        LUT with CARRY   	:	32
    LogicCells                  :	154/3520
    PLBs                        :	22/440
    BRAMs                       :	0/20
    IOs and GBIOs               :	12/93
    PLLs                        :	0/2


I2088: Phase 3, elapsed time : 0.2 (sec)

Phase 4
I2088: Phase 4, elapsed time : 0.1 (sec)

Phase 5
I2088: Phase 5, elapsed time : 0.1 (sec)

Phase 6
I2088: Phase 6, elapsed time : 83.2 (sec)

Final Design Statistics
    Number of LUTs      	:	154
    Number of DFFs      	:	68
    Number of DFFs packed to IO	:	0
    Number of Carrys    	:	62
    Number of RAMs      	:	0
    Number of ROMs      	:	0
    Number of IOs       	:	10
    Number of GBIOs     	:	2
    Number of GBs       	:	0
    Number of WarmBoot  	:	0
    Number of PLLs      	:	0

Device Utilization Summary
    LogicCells                  :	154/3520
    PLBs                        :	31/440
    BRAMs                       :	0/20
    IOs and GBIOs               :	12/93
    PLLs                        :	0/2



#####################################################################
Placement Timing Summary

The timing summary is based on estimated routing delays after
placement. For final timing report, please carry out the timing
analysis after routing.
=====================================================================

#####################################################################
                     Clock Summary 
=====================================================================
Number of clocks: 3
Clock: top|divided_pulse_c | Frequency: 188.25 MHz | Target: 1.00 MHz
Clock: top|laser_pulse | Frequency: 181.07 MHz | Target: 1.00 MHz
Clock: top|sr_clk | Frequency: 446.24 MHz | Target: 1.00 MHz

=====================================================================
                     End of Clock Summary
#####################################################################

I2054: Placement of design completed successfully

I2076: Placer run-time: 84.3 sec.

